<?xml version="1.0" encoding="UTF-8"?>
<!-- Generated by org.testng.reporters.JUnitXMLReporter -->
<testsuite ignored="0" hostname="LAPTOP-S6ICL091" failures="0" tests="2" name="NegativeTests" time="22.752" errors="0" timestamp="2023-05-16T17:39:22 IST">
  <testcase classname="com.herokuapp.theinternet.NegativeTests" name="incorrectPassword" time="14.305"/>
  <testcase classname="com.herokuapp.theinternet.NegativeTests" name="incorrectUsernameTest" time="8.441"/>
</testsuite> <!-- NegativeTests -->
