<?xml version="1.0" encoding="UTF-8"?>
<testng-results ignored="3" total="6" passed="3" failed="0" skipped="0">
  <reporter-output>
  </reporter-output>
  <suite started-at="2023-05-17T20:32:16 IST" name="LoginTests" finished-at="2023-05-17T20:32:43 IST" duration-ms="26283">
    <groups>
      <group name="positiveTests">
        <method signature="LoginTests.positiveLoginTest()[pri:1, instance:com.herokuapp.theinternet.LoginTests@82de64a]" name="positiveLoginTest" class="com.herokuapp.theinternet.LoginTests"/>
      </group> <!-- positiveTests -->
      <group name="smokeTests">
        <method signature="LoginTests.positiveLoginTest()[pri:1, instance:com.herokuapp.theinternet.LoginTests@82de64a]" name="positiveLoginTest" class="com.herokuapp.theinternet.LoginTests"/>
        <method signature="LoginTests.negativeLoginTest(java.lang.String,java.lang.String,java.lang.String)[pri:2, instance:com.herokuapp.theinternet.LoginTests@4be29ed9]" name="negativeLoginTest" class="com.herokuapp.theinternet.LoginTests"/>
        <method signature="LoginTests.negativeLoginTest(java.lang.String,java.lang.String,java.lang.String)[pri:2, instance:com.herokuapp.theinternet.LoginTests@53fb3dab]" name="negativeLoginTest" class="com.herokuapp.theinternet.LoginTests"/>
      </group> <!-- smokeTests -->
      <group name="negativeTests">
        <method signature="LoginTests.negativeLoginTest(java.lang.String,java.lang.String,java.lang.String)[pri:2, instance:com.herokuapp.theinternet.LoginTests@4be29ed9]" name="negativeLoginTest" class="com.herokuapp.theinternet.LoginTests"/>
        <method signature="LoginTests.negativeLoginTest(java.lang.String,java.lang.String,java.lang.String)[pri:2, instance:com.herokuapp.theinternet.LoginTests@53fb3dab]" name="negativeLoginTest" class="com.herokuapp.theinternet.LoginTests"/>
      </group> <!-- negativeTests -->
    </groups>
    <test started-at="2023-05-17T20:32:16 IST" name="PositiveTests" finished-at="2023-05-17T20:32:23 IST" duration-ms="7046">
      <class name="com.herokuapp.theinternet.LoginTests">
        <test-method is-config="true" signature="setUp()[pri:0, instance:com.herokuapp.theinternet.LoginTests@82de64a]" started-at="2023-05-17T20:32:16 IST" name="setUp" finished-at="2023-05-17T20:32:19 IST" duration-ms="2234" status="PASS">
          <reporter-output>
          </reporter-output>
        </test-method> <!-- setUp -->
        <test-method signature="positiveLoginTest()[pri:1, instance:com.herokuapp.theinternet.LoginTests@82de64a]" started-at="2023-05-17T20:32:19 IST" name="positiveLoginTest" finished-at="2023-05-17T20:32:23 IST" duration-ms="4068" status="PASS">
          <reporter-output>
          </reporter-output>
        </test-method> <!-- positiveLoginTest -->
        <test-method is-config="true" signature="tearDown()[pri:0, instance:com.herokuapp.theinternet.LoginTests@82de64a]" started-at="2023-05-17T20:32:23 IST" name="tearDown" finished-at="2023-05-17T20:32:23 IST" duration-ms="677" status="PASS">
          <reporter-output>
          </reporter-output>
        </test-method> <!-- tearDown -->
      </class> <!-- com.herokuapp.theinternet.LoginTests -->
    </test> <!-- PositiveTests -->
    <test started-at="2023-05-17T20:32:23 IST" name="NegativeUsernameTests" finished-at="2023-05-17T20:32:35 IST" duration-ms="11279">
      <class name="com.herokuapp.theinternet.LoginTests">
        <test-method is-config="true" signature="setUp()[pri:0, instance:com.herokuapp.theinternet.LoginTests@4be29ed9]" started-at="2023-05-17T20:32:23 IST" name="setUp" finished-at="2023-05-17T20:32:25 IST" duration-ms="1595" status="PASS">
          <reporter-output>
          </reporter-output>
        </test-method> <!-- setUp -->
        <test-method signature="negativeLoginTest(java.lang.String,java.lang.String,java.lang.String)[pri:2, instance:com.herokuapp.theinternet.LoginTests@4be29ed9]" started-at="2023-05-17T20:32:25 IST" name="negativeLoginTest" finished-at="2023-05-17T20:32:34 IST" duration-ms="9002" status="PASS">
          <params>
            <param index="0">
              <value>
                <![CDATA[incorrectUsername]]>
              </value>
            </param>
            <param index="1">
              <value>
                <![CDATA[SuperSecretPassword!]]>
              </value>
            </param>
            <param index="2">
              <value>
                <![CDATA[Your username is invalid!]]>
              </value>
            </param>
          </params>
          <reporter-output>
          </reporter-output>
        </test-method> <!-- negativeLoginTest -->
        <test-method is-config="true" signature="tearDown()[pri:0, instance:com.herokuapp.theinternet.LoginTests@4be29ed9]" started-at="2023-05-17T20:32:34 IST" name="tearDown" finished-at="2023-05-17T20:32:35 IST" duration-ms="672" status="PASS">
          <reporter-output>
          </reporter-output>
        </test-method> <!-- tearDown -->
      </class> <!-- com.herokuapp.theinternet.LoginTests -->
    </test> <!-- NegativeUsernameTests -->
    <test started-at="2023-05-17T20:32:35 IST" name="NegativePasswordTests" finished-at="2023-05-17T20:32:43 IST" duration-ms="7863">
      <class name="com.herokuapp.theinternet.LoginTests">
        <test-method is-config="true" signature="setUp()[pri:0, instance:com.herokuapp.theinternet.LoginTests@53fb3dab]" started-at="2023-05-17T20:32:35 IST" name="setUp" finished-at="2023-05-17T20:32:36 IST" duration-ms="1513" status="PASS">
          <reporter-output>
          </reporter-output>
        </test-method> <!-- setUp -->
        <test-method signature="negativeLoginTest(java.lang.String,java.lang.String,java.lang.String)[pri:2, instance:com.herokuapp.theinternet.LoginTests@53fb3dab]" started-at="2023-05-17T20:32:36 IST" name="negativeLoginTest" finished-at="2023-05-17T20:32:42 IST" duration-ms="5697" status="PASS">
          <params>
            <param index="0">
              <value>
                <![CDATA[tomsmith]]>
              </value>
            </param>
            <param index="1">
              <value>
                <![CDATA[incorrectPassword]]>
              </value>
            </param>
            <param index="2">
              <value>
                <![CDATA[Your password is invalid!]]>
              </value>
            </param>
          </params>
          <reporter-output>
          </reporter-output>
        </test-method> <!-- negativeLoginTest -->
        <test-method is-config="true" signature="tearDown()[pri:0, instance:com.herokuapp.theinternet.LoginTests@53fb3dab]" started-at="2023-05-17T20:32:42 IST" name="tearDown" finished-at="2023-05-17T20:32:43 IST" duration-ms="647" status="PASS">
          <reporter-output>
          </reporter-output>
        </test-method> <!-- tearDown -->
      </class> <!-- com.herokuapp.theinternet.LoginTests -->
    </test> <!-- NegativePasswordTests -->
  </suite> <!-- LoginTests -->
</testng-results>
