<?xml version="1.0" encoding="UTF-8"?>
<!-- Generated by org.testng.reporters.JUnitXMLReporter -->
<testsuite ignored="1" hostname="LAPTOP-S6ICL091" failures="0" tests="1" name="NegativeTests" time="11.105" errors="0" timestamp="2023-05-16T18:34:30 IST">
  <testcase classname="com.herokuapp.theinternet.NegativeTests" name="incorrectPassword" time="11.025"/>
  <testcase classname="com.herokuapp.theinternet.NegativeTests" name="incorrectUsernameTest" time="0.0">
    <ignored/>
  </testcase> <!-- incorrectUsernameTest -->
</testsuite> <!-- NegativeTests -->
