<?xml version="1.0" encoding="UTF-8"?>
<!-- Generated by org.testng.reporters.JUnitXMLReporter -->
<testsuite ignored="1" hostname="LAPTOP-S6ICL091" failures="0" tests="1" name="PositiveTests" time="7.046" errors="0" timestamp="2023-05-17T20:32:23 IST">
  <testcase classname="com.herokuapp.theinternet.LoginTests" name="positiveLoginTest" time="4.068"/>
  <testcase classname="com.herokuapp.theinternet.LoginTests" name="negativeLoginTest" time="0.0">
    <ignored/>
  </testcase> <!-- negativeLoginTest -->
</testsuite> <!-- PositiveTests -->
